#
# There is insufficient memory for the Java Runtime Environment to continue.
# Native memory allocation (malloc) failed to allocate 1025456 bytes for Chunk::new
# Possible reasons:
#   The system is out of physical RAM or swap space
#   The process is running with CompressedOops enabled, and the Java Heap may be blocking the growth of the native heap
# Possible solutions:
#   Reduce memory load on the system
#   Increase physical memory or swap space
#   Check if swap backing store is full
#   Decrease Java heap size (-Xmx/-Xms)
#   Decrease number of Java threads
#   Decrease Java thread stack sizes (-Xss)
#   Set larger code cache with -XX:ReservedCodeCacheSize=
#   JVM is running with Unscaled Compressed Oops mode in which the Java heap is
#     placed in the first 4GB address space. The Java Heap base address is the
#     maximum limit for the native heap growth. Please use -XX:HeapBaseMinAddress
#     to set the Java Heap base and to place the Java Heap above 4GB virtual address.
# This output file may be truncated or incomplete.
#
#  Out of Memory Error (allocation.cpp:389), pid=9376, tid=0x0000000000001d44
#
# JRE version: OpenJDK Runtime Environment (8.0_242-b01) (build 1.8.0_242-release-1644-b01)
# Java VM: OpenJDK 64-Bit Server VM (25.242-b01 mixed mode windows-amd64 compressed oops)
# Failed to write core dump. Minidumps are not enabled by default on client versions of Windows
#

---------------  T H R E A D  ---------------

Current thread (0x000000001a166000):  JavaThread "C2 CompilerThread0" daemon [_thread_in_native, id=7492, stack(0x000000001aa50000,0x000000001ab50000)]

Stack: [0x000000001aa50000,0x000000001ab50000]
[error occurred during error reporting (printing stack bounds), id 0xc0000005]

Native frames: (J=compiled Java code, j=interpreted, Vv=VM code, C=native code)


Current CompileTask:
C2:1287085 14558       4       com.android.utils.XmlUtils::append (639 bytes)


---------------  P R O C E S S  ---------------

Java Threads: ( => current thread )
  0x000000001f56a000 JavaThread "WorkerExecutor Queue" [_thread_blocked, id=6516, stack(0x000000002f4d0000,0x000000002f5d0000)]
  0x000000001f56e000 JavaThread "Cache worker for execution history cache (D:\AndroidStudioProyects\Elohim\.gradle\6.5\executionHistory)" [_thread_blocked, id=12192, stack(0x000000002fe00000,0x000000002ff00000)]
  0x000000001f569800 JavaThread "Execution worker for ':' Thread 7" [_thread_blocked, id=7112, stack(0x000000002fd00000,0x000000002fe00000)]
  0x000000001f56f800 JavaThread "Execution worker for ':' Thread 6" [_thread_blocked, id=7368, stack(0x000000002fc00000,0x000000002fd00000)]
  0x000000001f56c800 JavaThread "Execution worker for ':' Thread 5" [_thread_blocked, id=11408, stack(0x000000002fb00000,0x000000002fc00000)]
  0x000000001f56d000 JavaThread "Execution worker for ':' Thread 4" [_thread_in_native, id=1700, stack(0x000000002f7b0000,0x000000002f8b0000)]
  0x000000001f56e800 JavaThread "Execution worker for ':' Thread 3" [_thread_blocked, id=10300, stack(0x000000002f6b0000,0x000000002f7b0000)]
  0x000000001f56b800 JavaThread "Execution worker for ':' Thread 2" [_thread_blocked, id=9392, stack(0x000000002e630000,0x000000002e730000)]
  0x000000001d3fe800 JavaThread "Execution worker for ':'" [_thread_blocked, id=6404, stack(0x000000002d160000,0x000000002d260000)]
  0x000000001d3fd000 JavaThread "Cache worker for file content cache (D:\AndroidStudioProyects\Elohim\.gradle\6.5\fileContent)" [_thread_blocked, id=8300, stack(0x000000002a990000,0x000000002aa90000)]
  0x000000001d3ff800 JavaThread "pool-5-thread-1" [_thread_blocked, id=9208, stack(0x000000002a690000,0x000000002a790000)]
  0x000000001d401000 JavaThread "Cache worker for Build Output Cleanup Cache (D:\AndroidStudioProyects\Elohim\.gradle\buildOutputCleanup)" [_thread_blocked, id=5920, stack(0x000000002a590000,0x000000002a690000)]
  0x000000001a4e0800 JavaThread "Build operations Thread 8" [_thread_blocked, id=8172, stack(0x0000000021da0000,0x0000000021ea0000)]
  0x000000001a4df800 JavaThread "Build operations Thread 7" [_thread_blocked, id=2420, stack(0x0000000021ca0000,0x0000000021da0000)]
  0x000000001a4e6800 JavaThread "Build operations Thread 6" [_thread_blocked, id=10948, stack(0x0000000021ba0000,0x0000000021ca0000)]
  0x000000001a4df000 JavaThread "Build operations Thread 5" [_thread_blocked, id=9016, stack(0x0000000021aa0000,0x0000000021ba0000)]
  0x000000001a4e5800 JavaThread "Build operations Thread 4" [_thread_blocked, id=9624, stack(0x00000000219a0000,0x0000000021aa0000)]
  0x000000001a4e5000 JavaThread "Build operations Thread 3" [_thread_blocked, id=3360, stack(0x00000000218a0000,0x00000000219a0000)]
  0x000000001a4e4000 JavaThread "Build operations Thread 2" [_thread_blocked, id=3416, stack(0x00000000217a0000,0x00000000218a0000)]
  0x000000001a4e3800 JavaThread "Build operations" [_thread_blocked, id=3356, stack(0x00000000216a0000,0x00000000217a0000)]
  0x000000001a4e2800 JavaThread "Cache worker for cache directory md-rule (C:\Users\LENOVO\.gradle\caches\6.5\md-rule)" [_thread_blocked, id=10152, stack(0x0000000020370000,0x0000000020470000)]
  0x000000001a4d7800 JavaThread "Cache worker for cache directory md-supplier (C:\Users\LENOVO\.gradle\caches\6.5\md-supplier)" [_thread_blocked, id=8976, stack(0x000000001eba0000,0x000000001eca0000)]
  0x000000001a4de000 JavaThread "Cache worker for checksums cache (D:\AndroidStudioProyects\Elohim\.gradle\checksums)" [_thread_blocked, id=2384, stack(0x000000001e8a0000,0x000000001e9a0000)]
  0x000000001a4d9000 JavaThread "Cache worker for file hash cache (D:\AndroidStudioProyects\Elohim\.gradle\6.5\fileHashes)" [_thread_blocked, id=516, stack(0x000000001e7a0000,0x000000001e8a0000)]
  0x000000001a4dc800 JavaThread "Thread-378" [_thread_blocked, id=8680, stack(0x000000001e6a0000,0x000000001e7a0000)]
  0x000000001a4dd800 JavaThread "Asynchronous log dispatcher for DefaultDaemonConnection: socket connection from /127.0.0.1:50633 to /127.0.0.1:50955" [_thread_blocked, id=8992, stack(0x000000001df30000,0x000000001e030000)]
  0x000000001a4d8000 JavaThread "Daemon worker Thread 3" [_thread_blocked, id=8416, stack(0x000000001de30000,0x000000001df30000)]
  0x000000001a4da800 JavaThread "Cancel handler" [_thread_blocked, id=10348, stack(0x00000000016f0000,0x00000000017f0000)]
  0x000000001a4db000 JavaThread "Handler for socket connection from /127.0.0.1:50633 to /127.0.0.1:50955" [_thread_in_native, id=8092, stack(0x00000000015f0000,0x00000000016f0000)]
  0x000000001a4d9800 JavaThread "Daemon Thread 3" [_thread_blocked, id=6044, stack(0x00000000014f0000,0x00000000015f0000)]
  0x000000001c0f2000 JavaThread "Memory manager" [_thread_blocked, id=3560, stack(0x000000002ce60000,0x000000002cf60000)]
  0x000000001d577800 JavaThread "Cache worker for file content cache (C:\Users\LENOVO\.gradle\caches\6.5\fileContent)" [_thread_blocked, id=10848, stack(0x0000000023ca0000,0x0000000023da0000)]
  0x000000001d57a000 JavaThread "Cache worker for execution history cache (C:\Users\LENOVO\.gradle\caches\6.5\executionHistory)" [_thread_blocked, id=2124, stack(0x00000000237a0000,0x00000000238a0000)]
  0x000000001cc7e000 JavaThread "Cache worker for file hash cache (C:\Users\LENOVO\.gradle\caches\6.5\fileHashes)" [_thread_blocked, id=8864, stack(0x000000001f0a0000,0x000000001f1a0000)]
  0x000000001cc79000 JavaThread "File lock request listener" [_thread_in_native, id=4208, stack(0x000000001efa0000,0x000000001f0a0000)]
  0x000000001cd94800 JavaThread "Cache worker for journal cache (C:\Users\LENOVO\.gradle\caches\journal-1)" [_thread_blocked, id=2644, stack(0x000000001eea0000,0x000000001efa0000)]
  0x000000001caaf000 JavaThread "Daemon periodic checks" [_thread_blocked, id=8600, stack(0x000000001e2a0000,0x000000001e3a0000)]
  0x000000001caad800 JavaThread "Incoming local TCP Connector on port 50633" [_thread_in_native, id=5988, stack(0x000000001e030000,0x000000001e130000)]
  0x000000001c9e3000 JavaThread "Daemon health stats" [_thread_blocked, id=5460, stack(0x000000001d9f0000,0x000000001daf0000)]
  0x000000001a1d0800 JavaThread "Service Thread" daemon [_thread_blocked, id=11360, stack(0x000000001ae50000,0x000000001af50000)]
  0x000000001a17e000 JavaThread "C1 CompilerThread3" daemon [_thread_blocked, id=7560, stack(0x000000001ad50000,0x000000001ae50000)]
  0x000000001835e000 JavaThread "C2 CompilerThread2" daemon [_thread_blocked, id=2704, stack(0x000000001ac50000,0x000000001ad50000)]
  0x000000001835b000 JavaThread "C2 CompilerThread1" daemon [_thread_blocked, id=1804, stack(0x000000001ab50000,0x000000001ac50000)]
=>0x000000001a166000 JavaThread "C2 CompilerThread0" daemon [_thread_in_native, id=7492, stack(0x000000001aa50000,0x000000001ab50000)]
  0x000000001a165800 JavaThread "Attach Listener" daemon [_thread_blocked, id=8320, stack(0x000000001a950000,0x000000001aa50000)]
  0x000000001a162000 JavaThread "Signal Dispatcher" daemon [_thread_blocked, id=6932, stack(0x000000001a850000,0x000000001a950000)]
  0x00000000032dd800 JavaThread "Finalizer" daemon [_thread_blocked, id=252, stack(0x000000001a630000,0x000000001a730000)]
  0x000000001834c800 JavaThread "Reference Handler" daemon [_thread_blocked, id=2352, stack(0x000000001a530000,0x000000001a630000)]
  0x00000000031e2800 JavaThread "main" [_thread_blocked, id=3292, stack(0x0000000003050000,0x0000000003150000)]

Other Threads:
  0x0000000018348000 VMThread [stack: 0x000000001a030000,0x000000001a130000] [id=2108]
  0x000000001a1d1000 WatcherThread [stack: 0x000000001af50000,0x000000001b050000] [id=3288]

VM state:not at safepoint (normal execution)

VM Mutex/Monitor currently owned by a thread: None

heap address: 0x0000000080000000, size: 2048 MB, Compressed Oops mode: 32-bit
Narrow klass base: 0x0000000000000000, Narrow klass shift: 3
Compressed class space size: 1073741824 Address: 0x0000000100000000

Heap:
 PSYoungGen      total 424960K, used 354407K [0x00000000d5580000, 0x00000000f3100000, 0x0000000100000000)
  eden space 393728K, 83% used [0x00000000d5580000,0x00000000e97eb090,0x00000000ed600000)
  from space 31232K, 77% used [0x00000000ef700000,0x00000000f0eaedd8,0x00000000f1580000)
  to   space 33792K, 0% used [0x00000000ed600000,0x00000000ed600000,0x00000000ef700000)
 ParOldGen       total 116736K, used 54536K [0x0000000080000000, 0x0000000087200000, 0x00000000d5580000)
  object space 116736K, 46% used [0x0000000080000000,0x00000000835421f0,0x0000000087200000)
 Metaspace       used 92860K, capacity 97658K, committed 97880K, reserved 1134592K
  class space    used 12180K, capacity 13176K, committed 13184K, reserved 1048576K

Card table byte_map: [0x00000000126a0000,0x0000000012ab0000] byte_map_base: 0x00000000122a0000

Marking Bits: (ParMarkBitMap*) 0x000000007576f030
 Begin Bits: [0x0000000013560000, 0x0000000015560000)
 End Bits:   [0x0000000015560000, 0x0000000017560000)

Polling page: 0x0000000001980000

CodeCache: size=245760Kb used=40956Kb max_used=40962Kb free=204803Kb
 bounds [0x00000000032e0000, 0x0000000005b20000, 0x00000000122e0000]
 total_blobs=12847 nmethods=11959 adapters=800
 compilation: enabled

Compilation events (10 events):
Event: 1284.717 Thread 0x000000001835e000 14621       4       com.android.ide.common.blame.SourceFilePosition::equals (55 bytes)
Event: 1284.720 Thread 0x000000001835e000 nmethod 14621 0x0000000005898690 code [0x00000000058987e0, 0x0000000005898918]
Event: 1284.720 Thread 0x000000001835e000 14622       4       com.android.utils.XmlUtils::getSourceFilePosition (33 bytes)
Event: 1284.811 Thread 0x000000001a17e000 14624       1       com.google.common.cache.LocalCache$StrongEntry::getNext (5 bytes)
Event: 1284.811 Thread 0x000000001a17e000 nmethod 14624 0x0000000005897710 code [0x0000000005897860, 0x0000000005897970]
Event: 1284.815 Thread 0x000000001a17e000 14627       3       java.util.ArrayDeque::<init> (10 bytes)
Event: 1284.816 Thread 0x000000001a17e000 nmethod 14627 0x0000000005898050 code [0x00000000058981e0, 0x0000000005898528]
Event: 1284.829 Thread 0x000000001a17e000 14629       3       com.google.common.cache.LocalCache$Segment::postReadCleanup (18 bytes)
Event: 1284.879 Thread 0x000000001a17e000 nmethod 14629 0x000000000588db10 code [0x000000000588dce0, 0x000000000588e4c8]
Event: 1284.879 Thread 0x000000001a17e000 14633   !   3       org.gradle.cache.internal.filelock.LockStateAccess::readState (155 bytes)

GC Heap History (10 events):
Event: 31.108 GC heap before
{Heap before GC invocations=11 (full 2):
 PSYoungGen      total 274432K, used 180713K [0x00000000d5580000, 0x00000000e8d00000, 0x0000000100000000)
  eden space 260608K, 64% used [0x00000000d5580000,0x00000000df8801d8,0x00000000e5400000)
  from space 13824K, 99% used [0x00000000e6480000,0x00000000e71fa4d8,0x00000000e7200000)
  to   space 16896K, 0% used [0x00000000e5400000,0x00000000e5400000,0x00000000e6480000)
 ParOldGen       total 72192K, used 18030K [0x0000000080000000, 0x0000000084680000, 0x00000000d5580000)
  object space 72192K, 24% used [0x0000000080000000,0x000000008119bb50,0x0000000084680000)
 Metaspace       used 56515K, capacity 59060K, committed 59096K, reserved 1099776K
  class space    used 7431K, capacity 7908K, committed 7936K, reserved 1048576K
Event: 31.155 GC heap after
Heap after GC invocations=11 (full 2):
 PSYoungGen      total 277504K, used 16873K [0x00000000d5580000, 0x00000000ecc80000, 0x0000000100000000)
  eden space 260608K, 0% used [0x00000000d5580000,0x00000000d5580000,0x00000000e5400000)
  from space 16896K, 99% used [0x00000000e5400000,0x00000000e647a740,0x00000000e6480000)
  to   space 24064K, 0% used [0x00000000eb500000,0x00000000eb500000,0x00000000ecc80000)
 ParOldGen       total 72192K, used 29636K [0x0000000080000000, 0x0000000084680000, 0x00000000d5580000)
  object space 72192K, 41% used [0x0000000080000000,0x0000000081cf1390,0x0000000084680000)
 Metaspace       used 56515K, capacity 59060K, committed 59096K, reserved 1099776K
  class space    used 7431K, capacity 7908K, committed 7936K, reserved 1048576K
}
Event: 31.155 GC heap before
{Heap before GC invocations=12 (full 3):
 PSYoungGen      total 277504K, used 16873K [0x00000000d5580000, 0x00000000ecc80000, 0x0000000100000000)
  eden space 260608K, 0% used [0x00000000d5580000,0x00000000d5580000,0x00000000e5400000)
  from space 16896K, 99% used [0x00000000e5400000,0x00000000e647a740,0x00000000e6480000)
  to   space 24064K, 0% used [0x00000000eb500000,0x00000000eb500000,0x00000000ecc80000)
 ParOldGen       total 72192K, used 29636K [0x0000000080000000, 0x0000000084680000, 0x00000000d5580000)
  object space 72192K, 41% used [0x0000000080000000,0x0000000081cf1390,0x0000000084680000)
 Metaspace       used 56515K, capacity 59060K, committed 59096K, reserved 1099776K
  class space    used 7431K, capacity 7908K, committed 7936K, reserved 1048576K
Event: 31.489 GC heap after
Heap after GC invocations=12 (full 3):
 PSYoungGen      total 277504K, used 0K [0x00000000d5580000, 0x00000000ecc80000, 0x0000000100000000)
  eden space 260608K, 0% used [0x00000000d5580000,0x00000000d5580000,0x00000000e5400000)
  from space 16896K, 0% used [0x00000000e5400000,0x00000000e5400000,0x00000000e6480000)
  to   space 24064K, 0% used [0x00000000eb500000,0x00000000eb500000,0x00000000ecc80000)
 ParOldGen       total 116736K, used 40431K [0x0000000080000000, 0x0000000087200000, 0x00000000d5580000)
  object space 116736K, 34% used [0x0000000080000000,0x000000008277bf48,0x0000000087200000)
 Metaspace       used 56403K, capacity 58754K, committed 59096K, reserved 1099776K
  class space    used 7400K, capacity 7867K, committed 7936K, reserved 1048576K
}
Event: 37.611 GC heap before
{Heap before GC invocations=13 (full 3):
 PSYoungGen      total 277504K, used 260608K [0x00000000d5580000, 0x00000000ecc80000, 0x0000000100000000)
  eden space 260608K, 100% used [0x00000000d5580000,0x00000000e5400000,0x00000000e5400000)
  from space 16896K, 0% used [0x00000000e5400000,0x00000000e5400000,0x00000000e6480000)
  to   space 24064K, 0% used [0x00000000eb500000,0x00000000eb500000,0x00000000ecc80000)
 ParOldGen       total 116736K, used 40431K [0x0000000080000000, 0x0000000087200000, 0x00000000d5580000)
  object space 116736K, 34% used [0x0000000080000000,0x000000008277bf48,0x0000000087200000)
 Metaspace       used 72640K, capacity 75704K, committed 75864K, reserved 1114112K
  class space    used 9937K, capacity 10544K, committed 10624K, reserved 1048576K
Event: 37.656 GC heap after
Heap after GC invocations=13 (full 3):
 PSYoungGen      total 350720K, used 24058K [0x00000000d5580000, 0x00000000ecc80000, 0x0000000100000000)
  eden space 326656K, 0% used [0x00000000d5580000,0x00000000d5580000,0x00000000e9480000)
  from space 24064K, 99% used [0x00000000eb500000,0x00000000ecc7e958,0x00000000ecc80000)
  to   space 28160K, 0% used [0x00000000e9580000,0x00000000e9580000,0x00000000eb100000)
 ParOldGen       total 116736K, used 40981K [0x0000000080000000, 0x0000000087200000, 0x00000000d5580000)
  object space 116736K, 35% used [0x0000000080000000,0x0000000082805590,0x0000000087200000)
 Metaspace       used 72640K, capacity 75704K, committed 75864K, reserved 1114112K
  class space    used 9937K, capacity 10544K, committed 10624K, reserved 1048576K
}
Event: 531.634 GC heap before
{Heap before GC invocations=14 (full 3):
 PSYoungGen      total 350720K, used 350714K [0x00000000d5580000, 0x00000000ecc80000, 0x0000000100000000)
  eden space 326656K, 100% used [0x00000000d5580000,0x00000000e9480000,0x00000000e9480000)
  from space 24064K, 99% used [0x00000000eb500000,0x00000000ecc7e958,0x00000000ecc80000)
  to   space 28160K, 0% used [0x00000000e9580000,0x00000000e9580000,0x00000000eb100000)
 ParOldGen       total 116736K, used 40981K [0x0000000080000000, 0x0000000087200000, 0x00000000d5580000)
  object space 116736K, 35% used [0x0000000080000000,0x0000000082805590,0x0000000087200000)
 Metaspace       used 88747K, capacity 93060K, committed 93272K, reserved 1130496K
  class space    used 11775K, capacity 12651K, committed 12672K, reserved 1048576K
Event: 531.717 GC heap after
Heap after GC invocations=14 (full 3):
 PSYoungGen      total 355840K, used 25503K [0x00000000d5580000, 0x00000000f1580000, 0x0000000100000000)
  eden space 327680K, 0% used [0x00000000d5580000,0x00000000d5580000,0x00000000e9580000)
  from space 28160K, 90% used [0x00000000e9580000,0x00000000eae67ce0,0x00000000eb100000)
  to   space 31232K, 0% used [0x00000000ef700000,0x00000000ef700000,0x00000000f1580000)
 ParOldGen       total 116736K, used 54528K [0x0000000080000000, 0x0000000087200000, 0x00000000d5580000)
  object space 116736K, 46% used [0x0000000080000000,0x00000000835401f0,0x0000000087200000)
 Metaspace       used 88747K, capacity 93060K, committed 93272K, reserved 1130496K
  class space    used 11775K, capacity 12651K, committed 12672K, reserved 1048576K
}
Event: 731.080 GC heap before
{Heap before GC invocations=15 (full 3):
 PSYoungGen      total 355840K, used 353183K [0x00000000d5580000, 0x00000000f1580000, 0x0000000100000000)
  eden space 327680K, 100% used [0x00000000d5580000,0x00000000e9580000,0x00000000e9580000)
  from space 28160K, 90% used [0x00000000e9580000,0x00000000eae67ce0,0x00000000eb100000)
  to   space 31232K, 0% used [0x00000000ef700000,0x00000000ef700000,0x00000000f1580000)
 ParOldGen       total 116736K, used 54528K [0x0000000080000000, 0x0000000087200000, 0x00000000d5580000)
  object space 116736K, 46% used [0x0000000080000000,0x00000000835401f0,0x0000000087200000)
 Metaspace       used 91918K, capacity 96546K, committed 96728K, reserved 1132544K
  class space    used 12092K, capacity 13044K, committed 13056K, reserved 1048576K
Event: 736.469 GC heap after
Heap after GC invocations=15 (full 3):
 PSYoungGen      total 424960K, used 24251K [0x00000000d5580000, 0x00000000f3100000, 0x0000000100000000)
  eden space 393728K, 0% used [0x00000000d5580000,0x00000000d5580000,0x00000000ed600000)
  from space 31232K, 77% used [0x00000000ef700000,0x00000000f0eaedd8,0x00000000f1580000)
  to   space 33792K, 0% used [0x00000000ed600000,0x00000000ed600000,0x00000000ef700000)
 ParOldGen       total 116736K, used 54536K [0x0000000080000000, 0x0000000087200000, 0x00000000d5580000)
  object space 116736K, 46% used [0x0000000080000000,0x00000000835421f0,0x0000000087200000)
 Metaspace       used 91918K, capacity 96546K, committed 96728K, reserved 1132544K
  class space    used 12092K, capacity 13044K, committed 13056K, reserved 1048576K
}

Deoptimization events (10 events):
Event: 1281.416 Thread 0x000000001f56d000 Uncommon trap: reason=unstable_if action=reinterpret pc=0x0000000004094f88 method=sun.nio.cs.UTF_8$Encoder.encodeArrayLoop(Ljava/nio/CharBuffer;Ljava/nio/ByteBuffer;)Ljava/nio/charset/CoderResult; @ 113
Event: 1281.416 Thread 0x000000001f56d000 Uncommon trap: reason=unstable_if action=reinterpret pc=0x000000000354714c method=java.nio.charset.CharsetEncoder.encode(Ljava/nio/CharBuffer;Ljava/nio/ByteBuffer;Z)Ljava/nio/charset/CoderResult; @ 94
Event: 1281.761 Thread 0x000000001f56d000 Uncommon trap: reason=unstable_if action=reinterpret pc=0x0000000005128400 method=sun.nio.cs.UTF_8$Encoder.encodeArrayLoop(Ljava/nio/CharBuffer;Ljava/nio/ByteBuffer;)Ljava/nio/charset/CoderResult; @ 113
Event: 1281.909 Thread 0x000000001f56a000 Uncommon trap: reason=predicate action=maybe_recompile pc=0x0000000004cad9d0 method=java.util.ComparableTimSort.binarySort([Ljava/lang/Object;III)V @ 37
Event: 1282.715 Thread 0x000000001f56d000 Uncommon trap: reason=class_check action=maybe_recompile pc=0x0000000005ad56a8 method=com.sun.org.apache.xerces.internal.dom.NodeImpl.getUserData(Ljava/lang/String;)Ljava/lang/Object; @ 1
Event: 1282.715 Thread 0x000000001f56d000 Uncommon trap: reason=class_check action=maybe_recompile pc=0x0000000005ad56a8 method=com.sun.org.apache.xerces.internal.dom.NodeImpl.getUserData(Ljava/lang/String;)Ljava/lang/Object; @ 1
Event: 1282.875 Thread 0x000000001f56d000 Uncommon trap: reason=null_check action=make_not_entrant pc=0x0000000003ea2690 method=com.android.ide.common.resources.NodeUtils.processSingleNodeNamespace(Lorg/w3c/dom/Node;Lorg/w3c/dom/Document;)Z @ 8
Event: 1283.028 Thread 0x000000001f56d000 Uncommon trap: reason=null_check action=make_not_entrant pc=0x0000000005af7054 method=com.android.ide.common.resources.NodeUtils.processSingleNodeNamespace(Lorg/w3c/dom/Node;Lorg/w3c/dom/Document;)Z @ 8
Event: 1283.068 Thread 0x000000001f56d000 Uncommon trap: reason=unstable_if action=reinterpret pc=0x00000000037b3fa8 method=com.sun.org.apache.xerces.internal.dom.ElementImpl.getTagName()Ljava/lang/String; @ 4
Event: 1283.092 Thread 0x000000001f56d000 Uncommon trap: reason=unstable_if action=reinterpret pc=0x0000000005acdd88 method=sun.nio.cs.UTF_8$Encoder.encodeArrayLoop(Ljava/nio/CharBuffer;Ljava/nio/ByteBuffer;)Ljava/nio/charset/CoderResult; @ 166

Classes redefined (0 events):
No events

Internal exceptions (10 events):
Event: 1276.231 Thread 0x000000001f56d000 Exception <a 'java/lang/NoSuchMethodError': <clinit>> (0x00000000e8500c00) thrown at [C:\src\AOSP-openjdk-git\hotspot\src\share\vm\prims\jni.cpp, line 1615]
Event: 1276.231 Thread 0x000000001f56d000 Exception <a 'java/lang/NoSuchMethodError': <clinit>> (0x00000000e8504280) thrown at [C:\src\AOSP-openjdk-git\hotspot\src\share\vm\prims\jni.cpp, line 1615]
Event: 1276.243 Thread 0x000000001f56d000 Exception <a 'java/lang/NoSuchMethodError': <clinit>> (0x00000000e851b778) thrown at [C:\src\AOSP-openjdk-git\hotspot\src\share\vm\prims\jni.cpp, line 1615]
Event: 1276.309 Thread 0x000000001f56d000 Exception <a 'java/lang/NoSuchMethodError': <clinit>> (0x00000000e85311e0) thrown at [C:\src\AOSP-openjdk-git\hotspot\src\share\vm\prims\jni.cpp, line 1615]
Event: 1276.442 Thread 0x000000001f56d000 Exception <a 'java/lang/NoSuchMethodError': <clinit>> (0x00000000e8544968) thrown at [C:\src\AOSP-openjdk-git\hotspot\src\share\vm\prims\jni.cpp, line 1615]
Event: 1276.491 Thread 0x000000001f56d000 Exception <a 'java/lang/NoSuchMethodError': <clinit>> (0x00000000e8565640) thrown at [C:\src\AOSP-openjdk-git\hotspot\src\share\vm\prims\jni.cpp, line 1615]
Event: 1276.738 Thread 0x000000001f56d000 Exception <a 'java/lang/NoSuchMethodError': <clinit>> (0x00000000e85897a8) thrown at [C:\src\AOSP-openjdk-git\hotspot\src\share\vm\prims\jni.cpp, line 1615]
Event: 1276.782 Thread 0x000000001f56d000 Exception <a 'java/lang/NoSuchMethodError': <clinit>> (0x00000000e859ed10) thrown at [C:\src\AOSP-openjdk-git\hotspot\src\share\vm\prims\jni.cpp, line 1615]
Event: 1282.875 Thread 0x000000001f56d000 Implicit null exception at 0x0000000003ea2317 to 0x0000000003ea2681
Event: 1283.028 Thread 0x000000001f56d000 Implicit null exception at 0x0000000005af5167 to 0x0000000005af7045

Events (10 events):
Event: 1283.210 Thread 0x000000001835e000 flushing nmethod 0x00000000057fdb90
Event: 1283.210 Thread 0x000000001835e000 flushing nmethod 0x00000000058050d0
Event: 1283.210 Thread 0x000000001835e000 flushing nmethod 0x0000000005806d10
Event: 1283.220 Thread 0x000000001835e000 flushing nmethod 0x000000000581a390
Event: 1283.220 Thread 0x000000001835e000 flushing nmethod 0x000000000581b910
Event: 1283.221 Thread 0x000000001835e000 flushing nmethod 0x000000000587ebd0
Event: 1283.222 Thread 0x000000001835e000 flushing nmethod 0x000000000588b710
Event: 1283.222 Thread 0x000000001835e000 flushing nmethod 0x00000000058954d0
Event: 1284.930 Thread 0x000000001f56d000 DEOPT PACKING pc=0x00000000038a32a1 sp=0x000000002f8aa9e0
Event: 1284.930 Thread 0x000000001f56d000 DEOPT UNPACKING pc=0x00000000033271d0 sp=0x000000002f8aa750 mode 0


Dynamic libraries:
0x00007ff6f9380000 - 0x00007ff6f93b1000 	D:\Android Studio\jre\bin\java.exe
0x00007ffbf3580000 - 0x00007ffbf3770000 	C:\Windows\SYSTEM32\ntdll.dll
0x00007ffbf20b0000 - 0x00007ffbf2162000 	C:\Windows\System32\KERNEL32.DLL
0x00007ffbf1350000 - 0x00007ffbf15f5000 	C:\Windows\System32\KERNELBASE.dll
0x00007ffbf1880000 - 0x00007ffbf1923000 	C:\Windows\System32\ADVAPI32.dll
0x00007ffbf3210000 - 0x00007ffbf32ae000 	C:\Windows\System32\msvcrt.dll
0x00007ffbf1630000 - 0x00007ffbf16c7000 	C:\Windows\System32\sechost.dll
0x00007ffbf2990000 - 0x00007ffbf2aaf000 	C:\Windows\System32\RPCRT4.dll
0x00007ffbf2690000 - 0x00007ffbf2824000 	C:\Windows\System32\USER32.dll
0x00007ffbf0500000 - 0x00007ffbf0521000 	C:\Windows\System32\win32u.dll
0x00007ffbf1ed0000 - 0x00007ffbf1ef6000 	C:\Windows\System32\GDI32.dll
0x00007ffbf0cd0000 - 0x00007ffbf0e68000 	C:\Windows\System32\gdi32full.dll
0x00007ffbf1100000 - 0x00007ffbf119e000 	C:\Windows\System32\msvcp_win.dll
0x00007ffbf1250000 - 0x00007ffbf134a000 	C:\Windows\System32\ucrtbase.dll
0x00007ffbd9920000 - 0x00007ffbd9ba4000 	C:\Windows\WinSxS\amd64_microsoft.windows.common-controls_6595b64144ccf1df_6.0.18362.1379_none_9e7ff3b3e45cc0c4\COMCTL32.dll
0x00007ffbf1a40000 - 0x00007ffbf1d77000 	C:\Windows\System32\combase.dll
0x00007ffbf1020000 - 0x00007ffbf10a1000 	C:\Windows\System32\bcryptPrimitives.dll
0x00007ffbf1930000 - 0x00007ffbf195e000 	C:\Windows\System32\IMM32.DLL
0x0000000074360000 - 0x0000000074432000 	D:\Android Studio\jre\jre\bin\msvcr100.dll
0x0000000074fa0000 - 0x00000000757eb000 	D:\Android Studio\jre\jre\bin\server\jvm.dll
0x00007ffbf1ec0000 - 0x00007ffbf1ec8000 	C:\Windows\System32\PSAPI.DLL
0x00007ffbe71c0000 - 0x00007ffbe71ca000 	C:\Windows\SYSTEM32\VERSION.dll
0x00007ffbedbe0000 - 0x00007ffbedc04000 	C:\Windows\SYSTEM32\WINMM.dll
0x00007ffbe4ab0000 - 0x00007ffbe4ab9000 	C:\Windows\SYSTEM32\WSOCK32.dll
0x00007ffbed9d0000 - 0x00007ffbed9fd000 	C:\Windows\SYSTEM32\winmmbase.dll
0x00007ffbf10b0000 - 0x00007ffbf10fa000 	C:\Windows\System32\cfgmgr32.dll
0x00007ffbf1810000 - 0x00007ffbf187f000 	C:\Windows\System32\WS2_32.dll
0x00007ffbd63e0000 - 0x00007ffbd63ef000 	D:\Android Studio\jre\jre\bin\verify.dll
0x00007ffbd4330000 - 0x00007ffbd4359000 	D:\Android Studio\jre\jre\bin\java.dll
0x00007ffbc1350000 - 0x00007ffbc1366000 	D:\Android Studio\jre\jre\bin\zip.dll
0x00007ffbf2ab0000 - 0x00007ffbf3198000 	C:\Windows\System32\SHELL32.dll
0x00007ffbf1760000 - 0x00007ffbf1807000 	C:\Windows\System32\shcore.dll
0x00007ffbf0530000 - 0x00007ffbf0cab000 	C:\Windows\System32\windows.storage.dll
0x00007ffbf04b0000 - 0x00007ffbf04d3000 	C:\Windows\System32\profapi.dll
0x00007ffbf0460000 - 0x00007ffbf04aa000 	C:\Windows\System32\powrprof.dll
0x00007ffbf0430000 - 0x00007ffbf0440000 	C:\Windows\System32\UMPDC.dll
0x00007ffbf1f00000 - 0x00007ffbf1f52000 	C:\Windows\System32\shlwapi.dll
0x00007ffbf0440000 - 0x00007ffbf0451000 	C:\Windows\System32\kernel.appcore.dll
0x00007ffbf0cb0000 - 0x00007ffbf0cc7000 	C:\Windows\System32\cryptsp.dll
0x00007ffbc1230000 - 0x00007ffbc124a000 	D:\Android Studio\jre\jre\bin\net.dll
0x00007ffbefc10000 - 0x00007ffbefc77000 	C:\Windows\system32\mswsock.dll
0x00007ffbc0d80000 - 0x00007ffbc0d93000 	D:\Android Studio\jre\jre\bin\nio.dll
0x00007ffbecb40000 - 0x00007ffbecb67000 	C:\Users\LENOVO\.gradle\native\f6784746aeab05261644944871eae4fe03e0ef1612fff0a4a95f87b438bc6780\windows-amd64\native-platform.dll
0x00007ffbd5050000 - 0x00007ffbd505d000 	D:\Android Studio\jre\jre\bin\management.dll
0x00007ffbef790000 - 0x00007ffbef7c3000 	C:\Windows\system32\rsaenh.dll
0x00007ffbf1600000 - 0x00007ffbf1626000 	C:\Windows\System32\bcrypt.dll
0x00007ffbf0310000 - 0x00007ffbf0335000 	C:\Windows\SYSTEM32\USERENV.dll
0x00007ffbefde0000 - 0x00007ffbefdec000 	C:\Windows\SYSTEM32\CRYPTBASE.dll
0x00007ffbef920000 - 0x00007ffbef95a000 	C:\Windows\SYSTEM32\IPHLPAPI.DLL
0x00007ffbf1730000 - 0x00007ffbf1738000 	C:\Windows\System32\NSI.dll
0x00007ffbe5230000 - 0x00007ffbe5246000 	C:\Windows\SYSTEM32\dhcpcsvc6.DLL
0x00007ffbe7440000 - 0x00007ffbe745c000 	C:\Windows\SYSTEM32\dhcpcsvc.DLL
0x00007ffbef960000 - 0x00007ffbefa2b000 	C:\Windows\SYSTEM32\DNSAPI.dll
0x00007ffbe74d0000 - 0x00007ffbe74db000 	C:\Windows\SYSTEM32\WINNSI.DLL
0x00007ffbee0a0000 - 0x00007ffbee0c4000 	D:\Android Studio\jre\jre\bin\sunec.dll
0x00007ffbe0c20000 - 0x00007ffbe0c2a000 	C:\Windows\System32\rasadhlp.dll
0x00007ffbe5150000 - 0x00007ffbe51c7000 	C:\Windows\System32\fwpuclnt.dll
0x00007ffbee120000 - 0x00007ffbee12b000 	D:\Android Studio\jre\jre\bin\sunmscapi.dll
0x00007ffbf0ed0000 - 0x00007ffbf101a000 	C:\Windows\System32\CRYPT32.dll
0x00007ffbf04e0000 - 0x00007ffbf04f2000 	C:\Windows\System32\MSASN1.dll

VM Arguments:
jvm_args: -Xmx2048m -Dfile.encoding=UTF-8 -Duser.country=MX -Duser.language=es -Duser.variant 
java_command: org.gradle.launcher.daemon.bootstrap.GradleDaemon 6.5
java_class_path (initial): C:\Users\LENOVO\.gradle\wrapper\dists\gradle-6.5-bin\6nifqtx7604sqp1q6g8wikw7p\gradle-6.5\lib\gradle-launcher-6.5.jar
Launcher Type: SUN_STANDARD

Environment Variables:
PATH=C:\Program Files (x86)\Common Files\Oracle\Java\javapath;C:\ProgramData\Oracle\Java\javapath;C:\Windows\system32;C:\Windows;C:\Windows\System32\Wbem;C:\Windows\System32\WindowsPowerShell\v1.0\;C:\Windows\System32\OpenSSH\;C:\Program Files\Microsoft SQL Server\130\Tools\Binn\;C:\Program Files\nodejs\;C:\Program Files\Git\cmd;C:\Users\LENOVO\AppData\Local\Microsoft\WindowsApps;D:\Microsoft VS Code\bin;C:\Users\LENOVO\AppData\Roaming\npm;C:\Program Files\nodejs;
USERNAME=LENOVO
OS=Windows_NT
PROCESSOR_IDENTIFIER=AMD64 Family 23 Model 24 Stepping 1, AuthenticAMD



---------------  S Y S T E M  ---------------

OS: Windows 10.0 , 64 bit Build 18362 (10.0.18362.1350)

CPU:total 8 (initial active 8) (8 cores per cpu, 1 threads per core) family 23 model 24 stepping 1, cmov, cx8, fxsr, mmx, sse, sse2, sse3, ssse3, sse4.1, sse4.2, popcnt, avx, avx2, aes, clmul, mmxext, 3dnowpref, lzcnt, sse4a, tsc, tscinvbit, tscinv, bmi1

Memory: 4k page, physical 6228524k(838500k free), swap 17238572k(4292k free)

vm_info: OpenJDK 64-Bit Server VM (25.242-b01) for windows-amd64 JRE (1.8.0_242-release-1644-b01), built by "builder" with MS VC++ 10.0 (VS2010)

time: Sat Feb 27 00:01:43 2021
timezone: Hora estándar central (México)
elapsed time: 1287 seconds (0d 0h 21m 27s)

